# JRE version: OpenJDK Runtime Environment (8.0_151-b12) (build 1.8.0_151-8u151-b12-1~deb9u1-b12)
# Java VM: OpenJDK 64-Bit Server VM (25.151-b12 mixed mode linux-amd64 compressed oops)
Heap:
 PSYoungGen      total 40960K, used 25171K [0x00000000e1780000, 0x00000000e4d80000, 0x0000000100000000)
  eden space 37376K, 57% used [0x00000000e1780000,0x00000000e2c956f0,0x00000000e3c00000)
  from space 3584K, 99% used [0x00000000e4a00000,0x00000000e4d7f780,0x00000000e4d80000)
  to   space 3584K, 0% used [0x00000000e4680000,0x00000000e4680000,0x00000000e4a00000)
 ParOldGen       total 46080K, used 11033K [0x00000000a4600000, 0x00000000a7300000, 0x00000000e1780000)
  object space 46080K, 23% used [0x00000000a4600000,0x00000000a50c6700,0x00000000a7300000)
 Metaspace       used 29779K, capacity 30940K, committed 31104K, reserved 1075200K
  class space    used 4007K, capacity 4403K, committed 4480K, reserved 1048576K
GC Heap History (10 events):
Event: 2.311 GC heap before
{Heap before GC invocations=1 (full 0):
 PSYoungGen      total 27648K, used 24064K [0x00000000e1780000, 0x00000000e3600000, 0x0000000100000000)
  eden space 24064K, 100% used [0x00000000e1780000,0x00000000e2f00000,0x00000000e2f00000)
  from space 3584K, 0% used [0x00000000e3280000,0x00000000e3280000,0x00000000e3600000)
  to   space 3584K, 0% used [0x00000000e2f00000,0x00000000e2f00000,0x00000000e3280000)
 ParOldGen       total 62976K, used 0K [0x00000000a4600000, 0x00000000a8380000, 0x00000000e1780000)
  object space 62976K, 0% used [0x00000000a4600000,0x00000000a4600000,0x00000000a8380000)
 Metaspace       used 10383K, capacity 10720K, committed 10880K, reserved 1058816K
  class space    used 1302K, capacity 1408K, committed 1408K, reserved 1048576K
Event: 2.317 GC heap after
Heap after GC invocations=1 (full 0):
 PSYoungGen      total 27648K, used 3557K [0x00000000e1780000, 0x00000000e3600000, 0x0000000100000000)
  eden space 24064K, 0% used [0x00000000e1780000,0x00000000e1780000,0x00000000e2f00000)
  from space 3584K, 99% used [0x00000000e2f00000,0x00000000e3279480,0x00000000e3280000)
  to   space 3584K, 0% used [0x00000000e3280000,0x00000000e3280000,0x00000000e3600000)
 ParOldGen       total 62976K, used 2935K [0x00000000a4600000, 0x00000000a8380000, 0x00000000e1780000)
  object space 62976K, 4% used [0x00000000a4600000,0x00000000a48ddc80,0x00000000a8380000)
 Metaspace       used 10383K, capacity 10720K, committed 10880K, reserved 1058816K
  class space    used 1302K, capacity 1408K, committed 1408K, reserved 1048576K
}
Event: 2.719 GC heap before
{Heap before GC invocations=2 (full 0):
 PSYoungGen      total 27648K, used 27621K [0x00000000e1780000, 0x00000000e3600000, 0x0000000100000000)
  eden space 24064K, 100% used [0x00000000e1780000,0x00000000e2f00000,0x00000000e2f00000)
  from space 3584K, 99% used [0x00000000e2f00000,0x00000000e3279480,0x00000000e3280000)
  to   space 3584K, 0% used [0x00000000e3280000,0x00000000e3280000,0x00000000e3600000)
 ParOldGen       total 62976K, used 2935K [0x00000000a4600000, 0x00000000a8380000, 0x00000000e1780000)
  object space 62976K, 4% used [0x00000000a4600000,0x00000000a48ddc80,0x00000000a8380000)
 Metaspace       used 14903K, capacity 15512K, committed 15744K, reserved 1062912K
  class space    used 1962K, capacity 2138K, committed 2176K, reserved 1048576K
Event: 2.726 GC heap after
Heap after GC invocations=2 (full 0):
 PSYoungGen      total 27648K, used 3568K [0x00000000e1780000, 0x00000000e3600000, 0x0000000100000000)
  eden space 24064K, 0% used [0x00000000e1780000,0x00000000e1780000,0x00000000e2f00000)
  from space 3584K, 99% used [0x00000000e3280000,0x00000000e35fc050,0x00000000e3600000)
  to   space 3584K, 0% used [0x00000000e2f00000,0x00000000e2f00000,0x00000000e3280000)
 ParOldGen       total 62976K, used 5839K [0x00000000a4600000, 0x00000000a8380000, 0x00000000e1780000)
  object space 62976K, 9% used [0x00000000a4600000,0x00000000a4bb3cd8,0x00000000a8380000)
 Metaspace       used 14903K, capacity 15512K, committed 15744K, reserved 1062912K
  class space    used 1962K, capacity 2138K, committed 2176K, reserved 1048576K
}
Event: 3.130 GC heap before
{Heap before GC invocations=3 (full 0):
 PSYoungGen      total 27648K, used 24331K [0x00000000e1780000, 0x00000000e3600000, 0x0000000100000000)
  eden space 24064K, 86% used [0x00000000e1780000,0x00000000e2bc6f00,0x00000000e2f00000)
  from space 3584K, 99% used [0x00000000e3280000,0x00000000e35fc050,0x00000000e3600000)
  to   space 3584K, 0% used [0x00000000e2f00000,0x00000000e2f00000,0x00000000e3280000)
 ParOldGen       total 62976K, used 5839K [0x00000000a4600000, 0x00000000a8380000, 0x00000000e1780000)
  object space 62976K, 9% used [0x00000000a4600000,0x00000000a4bb3cd8,0x00000000a8380000)
 Metaspace       used 20423K, capacity 21134K, committed 21248K, reserved 1067008K
  class space    used 2796K, capacity 3001K, committed 3072K, reserved 1048576K
Event: 3.140 GC heap after
Heap after GC invocations=3 (full 0):
 PSYoungGen      total 27648K, used 3552K [0x00000000e1780000, 0x00000000e4d80000, 0x0000000100000000)
  eden space 24064K, 0% used [0x00000000e1780000,0x00000000e1780000,0x00000000e2f00000)
  from space 3584K, 99% used [0x00000000e2f00000,0x00000000e3278080,0x00000000e3280000)
  to   space 3584K, 0% used [0x00000000e4a00000,0x00000000e4a00000,0x00000000e4d80000)
 ParOldGen       total 62976K, used 9858K [0x00000000a4600000, 0x00000000a8380000, 0x00000000e1780000)
  object space 62976K, 15% used [0x00000000a4600000,0x00000000a4fa08e0,0x00000000a8380000)
 Metaspace       used 20423K, capacity 21134K, committed 21248K, reserved 1067008K
  class space    used 2796K, capacity 3001K, committed 3072K, reserved 1048576K
}
Event: 3.140 GC heap before
{Heap before GC invocations=4 (full 1):
 PSYoungGen      total 27648K, used 3552K [0x00000000e1780000, 0x00000000e4d80000, 0x0000000100000000)
  eden space 24064K, 0% used [0x00000000e1780000,0x00000000e1780000,0x00000000e2f00000)
  from space 3584K, 99% used [0x00000000e2f00000,0x00000000e3278080,0x00000000e3280000)
  to   space 3584K, 0% used [0x00000000e4a00000,0x00000000e4a00000,0x00000000e4d80000)
 ParOldGen       total 62976K, used 9858K [0x00000000a4600000, 0x00000000a8380000, 0x00000000e1780000)
  object space 62976K, 15% used [0x00000000a4600000,0x00000000a4fa08e0,0x00000000a8380000)
 Metaspace       used 20423K, capacity 21134K, committed 21248K, reserved 1067008K
  class space    used 2796K, capacity 3001K, committed 3072K, reserved 1048576K
Event: 3.170 GC heap after
Heap after GC invocations=4 (full 1):
 PSYoungGen      total 27648K, used 0K [0x00000000e1780000, 0x00000000e4d80000, 0x0000000100000000)
  eden space 24064K, 0% used [0x00000000e1780000,0x00000000e1780000,0x00000000e2f00000)
  from space 3584K, 0% used [0x00000000e2f00000,0x00000000e2f00000,0x00000000e3280000)
  to   space 3584K, 0% used [0x00000000e4a00000,0x00000000e4a00000,0x00000000e4d80000)
 ParOldGen       total 46080K, used 8075K [0x00000000a4600000, 0x00000000a7300000, 0x00000000e1780000)
  object space 46080K, 17% used [0x00000000a4600000,0x00000000a4de2d68,0x00000000a7300000)
 Metaspace       used 20423K, capacity 21134K, committed 21248K, reserved 1067008K
  class space    used 2796K, capacity 3001K, committed 3072K, reserved 1048576K
}
Event: 6.140 GC heap before
{Heap before GC invocations=5 (full 1):
 PSYoungGen      total 27648K, used 24064K [0x00000000e1780000, 0x00000000e4d80000, 0x0000000100000000)
  eden space 24064K, 100% used [0x00000000e1780000,0x00000000e2f00000,0x00000000e2f00000)
  from space 3584K, 0% used [0x00000000e2f00000,0x00000000e2f00000,0x00000000e3280000)
  to   space 3584K, 0% used [0x00000000e4a00000,0x00000000e4a00000,0x00000000e4d80000)
 ParOldGen       total 46080K, used 8075K [0x00000000a4600000, 0x00000000a7300000, 0x00000000e1780000)
  object space 46080K, 17% used [0x00000000a4600000,0x00000000a4de2d68,0x00000000a7300000)
 Metaspace       used 26196K, capacity 26970K, committed 27008K, reserved 1073152K
  class space    used 3468K, capacity 3694K, committed 3712K, reserved 1048576K
Event: 6.144 GC heap after
Heap after GC invocations=5 (full 1):
 PSYoungGen      total 40960K, used 3581K [0x00000000e1780000, 0x00000000e4d80000, 0x0000000100000000)
  eden space 37376K, 0% used [0x00000000e1780000,0x00000000e1780000,0x00000000e3c00000)
  from space 3584K, 99% used [0x00000000e4a00000,0x00000000e4d7f780,0x00000000e4d80000)
  to   space 3584K, 0% used [0x00000000e4680000,0x00000000e4680000,0x00000000e4a00000)
 ParOldGen       total 46080K, used 11033K [0x00000000a4600000, 0x00000000a7300000, 0x00000000e1780000)
  object space 46080K, 23% used [0x00000000a4600000,0x00000000a50c6700,0x00000000a7300000)
 Metaspace       used 26196K, capacity 26970K, committed 27008K, reserved 1073152K
  class space    used 3468K, capacity 3694K, committed 3712K, reserved 1048576K
}

