# JRE version: OpenJDK Runtime Environment (8.0_151-b12) (build 1.8.0_151-8u151-b12-1~deb9u1-b12)
# Java VM: OpenJDK 64-Bit Server VM (25.151-b12 mixed mode linux-amd64 compressed oops)
Heap:
 PSYoungGen      total 35840K, used 22093K [0x00000000e1780000, 0x00000000e4d80000, 0x0000000100000000)
  eden space 32256K, 57% used [0x00000000e1780000,0x00000000e2997b60,0x00000000e3700000)
  from space 3584K, 99% used [0x00000000e4a00000,0x00000000e4d7ba28,0x00000000e4d80000)
  to   space 3584K, 0% used [0x00000000e4680000,0x00000000e4680000,0x00000000e4a00000)
 ParOldGen       total 51712K, used 11277K [0x00000000a4600000, 0x00000000a7880000, 0x00000000e1780000)
  object space 51712K, 21% used [0x00000000a4600000,0x00000000a51035f8,0x00000000a7880000)
 Metaspace       used 29163K, capacity 30338K, committed 30592K, reserved 1075200K
  class space    used 3991K, capacity 4392K, committed 4480K, reserved 1048576K
GC Heap History (10 events):
Event: 0.487 GC heap before
{Heap before GC invocations=1 (full 0):
 PSYoungGen      total 27648K, used 24064K [0x00000000e1780000, 0x00000000e3600000, 0x0000000100000000)
  eden space 24064K, 100% used [0x00000000e1780000,0x00000000e2f00000,0x00000000e2f00000)
  from space 3584K, 0% used [0x00000000e3280000,0x00000000e3280000,0x00000000e3600000)
  to   space 3584K, 0% used [0x00000000e2f00000,0x00000000e2f00000,0x00000000e3280000)
 ParOldGen       total 62976K, used 0K [0x00000000a4600000, 0x00000000a8380000, 0x00000000e1780000)
  object space 62976K, 0% used [0x00000000a4600000,0x00000000a4600000,0x00000000a8380000)
 Metaspace       used 10458K, capacity 10836K, committed 11008K, reserved 1058816K
  class space    used 1322K, capacity 1474K, committed 1536K, reserved 1048576K
Event: 0.492 GC heap after
Heap after GC invocations=1 (full 0):
 PSYoungGen      total 27648K, used 3553K [0x00000000e1780000, 0x00000000e3600000, 0x0000000100000000)
  eden space 24064K, 0% used [0x00000000e1780000,0x00000000e1780000,0x00000000e2f00000)
  from space 3584K, 99% used [0x00000000e2f00000,0x00000000e3278688,0x00000000e3280000)
  to   space 3584K, 0% used [0x00000000e3280000,0x00000000e3280000,0x00000000e3600000)
 ParOldGen       total 62976K, used 3115K [0x00000000a4600000, 0x00000000a8380000, 0x00000000e1780000)
  object space 62976K, 4% used [0x00000000a4600000,0x00000000a490ae10,0x00000000a8380000)
 Metaspace       used 10458K, capacity 10836K, committed 11008K, reserved 1058816K
  class space    used 1322K, capacity 1474K, committed 1536K, reserved 1048576K
}
Event: 0.767 GC heap before
{Heap before GC invocations=2 (full 0):
 PSYoungGen      total 27648K, used 27617K [0x00000000e1780000, 0x00000000e3600000, 0x0000000100000000)
  eden space 24064K, 100% used [0x00000000e1780000,0x00000000e2f00000,0x00000000e2f00000)
  from space 3584K, 99% used [0x00000000e2f00000,0x00000000e3278688,0x00000000e3280000)
  to   space 3584K, 0% used [0x00000000e3280000,0x00000000e3280000,0x00000000e3600000)
 ParOldGen       total 62976K, used 3115K [0x00000000a4600000, 0x00000000a8380000, 0x00000000e1780000)
  object space 62976K, 4% used [0x00000000a4600000,0x00000000a490ae10,0x00000000a8380000)
 Metaspace       used 14743K, capacity 15304K, committed 15488K, reserved 1062912K
  class space    used 1960K, capacity 2138K, committed 2176K, reserved 1048576K
Event: 0.771 GC heap after
Heap after GC invocations=2 (full 0):
 PSYoungGen      total 27648K, used 3552K [0x00000000e1780000, 0x00000000e4d80000, 0x0000000100000000)
  eden space 24064K, 0% used [0x00000000e1780000,0x00000000e1780000,0x00000000e2f00000)
  from space 3584K, 99% used [0x00000000e3280000,0x00000000e35f8040,0x00000000e3600000)
  to   space 3584K, 0% used [0x00000000e2f00000,0x00000000e2f00000,0x00000000e3280000)
 ParOldGen       total 62976K, used 5952K [0x00000000a4600000, 0x00000000a8380000, 0x00000000e1780000)
  object space 62976K, 9% used [0x00000000a4600000,0x00000000a4bd03d8,0x00000000a8380000)
 Metaspace       used 14743K, capacity 15304K, committed 15488K, reserved 1062912K
  class space    used 1960K, capacity 2138K, committed 2176K, reserved 1048576K
}
Event: 1.038 GC heap before
{Heap before GC invocations=3 (full 0):
 PSYoungGen      total 27648K, used 25502K [0x00000000e1780000, 0x00000000e4d80000, 0x0000000100000000)
  eden space 24064K, 91% used [0x00000000e1780000,0x00000000e2cefa98,0x00000000e2f00000)
  from space 3584K, 99% used [0x00000000e3280000,0x00000000e35f8040,0x00000000e3600000)
  to   space 3584K, 0% used [0x00000000e2f00000,0x00000000e2f00000,0x00000000e3280000)
 ParOldGen       total 62976K, used 5952K [0x00000000a4600000, 0x00000000a8380000, 0x00000000e1780000)
  object space 62976K, 9% used [0x00000000a4600000,0x00000000a4bd03d8,0x00000000a8380000)
 Metaspace       used 20410K, capacity 21110K, committed 21248K, reserved 1067008K
  class space    used 2832K, capacity 3029K, committed 3072K, reserved 1048576K
Event: 1.044 GC heap after
Heap after GC invocations=3 (full 0):
 PSYoungGen      total 27648K, used 3556K [0x00000000e1780000, 0x00000000e4d80000, 0x0000000100000000)
  eden space 24064K, 0% used [0x00000000e1780000,0x00000000e1780000,0x00000000e2f00000)
  from space 3584K, 99% used [0x00000000e2f00000,0x00000000e3279050,0x00000000e3280000)
  to   space 3584K, 0% used [0x00000000e4a00000,0x00000000e4a00000,0x00000000e4d80000)
 ParOldGen       total 62976K, used 10238K [0x00000000a4600000, 0x00000000a8380000, 0x00000000e1780000)
  object space 62976K, 16% used [0x00000000a4600000,0x00000000a4fff940,0x00000000a8380000)
 Metaspace       used 20410K, capacity 21110K, committed 21248K, reserved 1067008K
  class space    used 2832K, capacity 3029K, committed 3072K, reserved 1048576K
}
Event: 1.044 GC heap before
{Heap before GC invocations=4 (full 1):
 PSYoungGen      total 27648K, used 3556K [0x00000000e1780000, 0x00000000e4d80000, 0x0000000100000000)
  eden space 24064K, 0% used [0x00000000e1780000,0x00000000e1780000,0x00000000e2f00000)
  from space 3584K, 99% used [0x00000000e2f00000,0x00000000e3279050,0x00000000e3280000)
  to   space 3584K, 0% used [0x00000000e4a00000,0x00000000e4a00000,0x00000000e4d80000)
 ParOldGen       total 62976K, used 10238K [0x00000000a4600000, 0x00000000a8380000, 0x00000000e1780000)
  object space 62976K, 16% used [0x00000000a4600000,0x00000000a4fff940,0x00000000a8380000)
 Metaspace       used 20410K, capacity 21110K, committed 21248K, reserved 1067008K
  class space    used 2832K, capacity 3029K, committed 3072K, reserved 1048576K
Event: 1.068 GC heap after
Heap after GC invocations=4 (full 1):
 PSYoungGen      total 27648K, used 0K [0x00000000e1780000, 0x00000000e4d80000, 0x0000000100000000)
  eden space 24064K, 0% used [0x00000000e1780000,0x00000000e1780000,0x00000000e2f00000)
  from space 3584K, 0% used [0x00000000e2f00000,0x00000000e2f00000,0x00000000e3280000)
  to   space 3584K, 0% used [0x00000000e4a00000,0x00000000e4a00000,0x00000000e4d80000)
 ParOldGen       total 51712K, used 8338K [0x00000000a4600000, 0x00000000a7880000, 0x00000000e1780000)
  object space 51712K, 16% used [0x00000000a4600000,0x00000000a4e24a98,0x00000000a7880000)
 Metaspace       used 20410K, capacity 21110K, committed 21248K, reserved 1067008K
  class space    used 2832K, capacity 3029K, committed 3072K, reserved 1048576K
}
Event: 7.717 GC heap before
{Heap before GC invocations=5 (full 1):
 PSYoungGen      total 27648K, used 24064K [0x00000000e1780000, 0x00000000e4d80000, 0x0000000100000000)
  eden space 24064K, 100% used [0x00000000e1780000,0x00000000e2f00000,0x00000000e2f00000)
  from space 3584K, 0% used [0x00000000e2f00000,0x00000000e2f00000,0x00000000e3280000)
  to   space 3584K, 0% used [0x00000000e4a00000,0x00000000e4a00000,0x00000000e4d80000)
 ParOldGen       total 51712K, used 8338K [0x00000000a4600000, 0x00000000a7880000, 0x00000000e1780000)
  object space 51712K, 16% used [0x00000000a4600000,0x00000000a4e24a98,0x00000000a7880000)
 Metaspace       used 26556K, capacity 27394K, committed 27648K, reserved 1073152K
  class space    used 3544K, capacity 3784K, committed 3840K, reserved 1048576K
Event: 7.724 GC heap after
Heap after GC invocations=5 (full 1):
 PSYoungGen      total 35840K, used 3566K [0x00000000e1780000, 0x00000000e4d80000, 0x0000000100000000)
  eden space 32256K, 0% used [0x00000000e1780000,0x00000000e1780000,0x00000000e3700000)
  from space 3584K, 99% used [0x00000000e4a00000,0x00000000e4d7ba28,0x00000000e4d80000)
  to   space 3584K, 0% used [0x00000000e4680000,0x00000000e4680000,0x00000000e4a00000)
 ParOldGen       total 51712K, used 11277K [0x00000000a4600000, 0x00000000a7880000, 0x00000000e1780000)
  object space 51712K, 21% used [0x00000000a4600000,0x00000000a51035f8,0x00000000a7880000)
 Metaspace       used 26556K, capacity 27394K, committed 27648K, reserved 1073152K
  class space    used 3544K, capacity 3784K, committed 3840K, reserved 1048576K
}

