# JRE version: OpenJDK Runtime Environment (8.0_151-b12) (build 1.8.0_151-8u151-b12-1~deb9u1-b12)
# Java VM: OpenJDK 64-Bit Server VM (25.151-b12 mixed mode linux-amd64 compressed oops)
Heap:
 PSYoungGen      total 27648K, used 22495K [0x00000000e1780000, 0x00000000e3600000, 0x0000000100000000)
  eden space 24064K, 78% used [0x00000000e1780000,0x00000000e29f8cb8,0x00000000e2f00000)
  from space 3584K, 99% used [0x00000000e3280000,0x00000000e35ff228,0x00000000e3600000)
  to   space 3584K, 0% used [0x00000000e2f00000,0x00000000e2f00000,0x00000000e3280000)
 ParOldGen       total 36864K, used 11212K [0x00000000a4600000, 0x00000000a6a00000, 0x00000000e1780000)
  object space 36864K, 30% used [0x00000000a4600000,0x00000000a50f31c8,0x00000000a6a00000)
 Metaspace       used 29217K, capacity 30376K, committed 30592K, reserved 1075200K
  class space    used 3991K, capacity 4403K, committed 4480K, reserved 1048576K
GC Heap History (10 events):
Event: 4.388 GC heap before
{Heap before GC invocations=1 (full 0):
 PSYoungGen      total 27648K, used 24064K [0x00000000e1780000, 0x00000000e3600000, 0x0000000100000000)
  eden space 24064K, 100% used [0x00000000e1780000,0x00000000e2f00000,0x00000000e2f00000)
  from space 3584K, 0% used [0x00000000e3280000,0x00000000e3280000,0x00000000e3600000)
  to   space 3584K, 0% used [0x00000000e2f00000,0x00000000e2f00000,0x00000000e3280000)
 ParOldGen       total 62976K, used 0K [0x00000000a4600000, 0x00000000a8380000, 0x00000000e1780000)
  object space 62976K, 0% used [0x00000000a4600000,0x00000000a4600000,0x00000000a8380000)
 Metaspace       used 10452K, capacity 10808K, committed 11008K, reserved 1058816K
  class space    used 1320K, capacity 1442K, committed 1536K, reserved 1048576K
Event: 4.395 GC heap after
Heap after GC invocations=1 (full 0):
 PSYoungGen      total 27648K, used 3574K [0x00000000e1780000, 0x00000000e3600000, 0x0000000100000000)
  eden space 24064K, 0% used [0x00000000e1780000,0x00000000e1780000,0x00000000e2f00000)
  from space 3584K, 99% used [0x00000000e2f00000,0x00000000e327d940,0x00000000e3280000)
  to   space 3584K, 0% used [0x00000000e3280000,0x00000000e3280000,0x00000000e3600000)
 ParOldGen       total 62976K, used 3065K [0x00000000a4600000, 0x00000000a8380000, 0x00000000e1780000)
  object space 62976K, 4% used [0x00000000a4600000,0x00000000a48fe430,0x00000000a8380000)
 Metaspace       used 10452K, capacity 10808K, committed 11008K, reserved 1058816K
  class space    used 1320K, capacity 1442K, committed 1536K, reserved 1048576K
}
Event: 5.511 GC heap before
{Heap before GC invocations=2 (full 0):
 PSYoungGen      total 27648K, used 27638K [0x00000000e1780000, 0x00000000e3600000, 0x0000000100000000)
  eden space 24064K, 100% used [0x00000000e1780000,0x00000000e2f00000,0x00000000e2f00000)
  from space 3584K, 99% used [0x00000000e2f00000,0x00000000e327d940,0x00000000e3280000)
  to   space 3584K, 0% used [0x00000000e3280000,0x00000000e3280000,0x00000000e3600000)
 ParOldGen       total 62976K, used 3065K [0x00000000a4600000, 0x00000000a8380000, 0x00000000e1780000)
  object space 62976K, 4% used [0x00000000a4600000,0x00000000a48fe430,0x00000000a8380000)
 Metaspace       used 14742K, capacity 15308K, committed 15488K, reserved 1062912K
  class space    used 1960K, capacity 2138K, committed 2176K, reserved 1048576K
Event: 5.517 GC heap after
Heap after GC invocations=2 (full 0):
 PSYoungGen      total 27648K, used 3552K [0x00000000e1780000, 0x00000000e3600000, 0x0000000100000000)
  eden space 24064K, 0% used [0x00000000e1780000,0x00000000e1780000,0x00000000e2f00000)
  from space 3584K, 99% used [0x00000000e3280000,0x00000000e35f8040,0x00000000e3600000)
  to   space 3584K, 0% used [0x00000000e2f00000,0x00000000e2f00000,0x00000000e3280000)
 ParOldGen       total 62976K, used 5893K [0x00000000a4600000, 0x00000000a8380000, 0x00000000e1780000)
  object space 62976K, 9% used [0x00000000a4600000,0x00000000a4bc1668,0x00000000a8380000)
 Metaspace       used 14742K, capacity 15308K, committed 15488K, reserved 1062912K
  class space    used 1960K, capacity 2138K, committed 2176K, reserved 1048576K
}
Event: 6.849 GC heap before
{Heap before GC invocations=3 (full 0):
 PSYoungGen      total 27648K, used 25311K [0x00000000e1780000, 0x00000000e3600000, 0x0000000100000000)
  eden space 24064K, 90% used [0x00000000e1780000,0x00000000e2cbfc38,0x00000000e2f00000)
  from space 3584K, 99% used [0x00000000e3280000,0x00000000e35f8040,0x00000000e3600000)
  to   space 3584K, 0% used [0x00000000e2f00000,0x00000000e2f00000,0x00000000e3280000)
 ParOldGen       total 62976K, used 5893K [0x00000000a4600000, 0x00000000a8380000, 0x00000000e1780000)
  object space 62976K, 9% used [0x00000000a4600000,0x00000000a4bc1668,0x00000000a8380000)
 Metaspace       used 20447K, capacity 21082K, committed 21248K, reserved 1067008K
  class space    used 2837K, capacity 2997K, committed 3072K, reserved 1048576K
Event: 6.854 GC heap after
Heap after GC invocations=3 (full 0):
 PSYoungGen      total 27648K, used 3568K [0x00000000e1780000, 0x00000000e3600000, 0x0000000100000000)
  eden space 24064K, 0% used [0x00000000e1780000,0x00000000e1780000,0x00000000e2f00000)
  from space 3584K, 99% used [0x00000000e2f00000,0x00000000e327c030,0x00000000e3280000)
  to   space 3584K, 0% used [0x00000000e3280000,0x00000000e3280000,0x00000000e3600000)
 ParOldGen       total 62976K, used 10208K [0x00000000a4600000, 0x00000000a8380000, 0x00000000e1780000)
  object space 62976K, 16% used [0x00000000a4600000,0x00000000a4ff8168,0x00000000a8380000)
 Metaspace       used 20447K, capacity 21082K, committed 21248K, reserved 1067008K
  class space    used 2837K, capacity 2997K, committed 3072K, reserved 1048576K
}
Event: 6.854 GC heap before
{Heap before GC invocations=4 (full 1):
 PSYoungGen      total 27648K, used 3568K [0x00000000e1780000, 0x00000000e3600000, 0x0000000100000000)
  eden space 24064K, 0% used [0x00000000e1780000,0x00000000e1780000,0x00000000e2f00000)
  from space 3584K, 99% used [0x00000000e2f00000,0x00000000e327c030,0x00000000e3280000)
  to   space 3584K, 0% used [0x00000000e3280000,0x00000000e3280000,0x00000000e3600000)
 ParOldGen       total 62976K, used 10208K [0x00000000a4600000, 0x00000000a8380000, 0x00000000e1780000)
  object space 62976K, 16% used [0x00000000a4600000,0x00000000a4ff8168,0x00000000a8380000)
 Metaspace       used 20447K, capacity 21082K, committed 21248K, reserved 1067008K
  class space    used 2837K, capacity 2997K, committed 3072K, reserved 1048576K
Event: 6.875 GC heap after
Heap after GC invocations=4 (full 1):
 PSYoungGen      total 27648K, used 0K [0x00000000e1780000, 0x00000000e3600000, 0x0000000100000000)
  eden space 24064K, 0% used [0x00000000e1780000,0x00000000e1780000,0x00000000e2f00000)
  from space 3584K, 0% used [0x00000000e2f00000,0x00000000e2f00000,0x00000000e3280000)
  to   space 3584K, 0% used [0x00000000e3280000,0x00000000e3280000,0x00000000e3600000)
 ParOldGen       total 36864K, used 8347K [0x00000000a4600000, 0x00000000a6a00000, 0x00000000e1780000)
  object space 36864K, 22% used [0x00000000a4600000,0x00000000a4e26dd8,0x00000000a6a00000)
 Metaspace       used 20447K, capacity 21082K, committed 21248K, reserved 1067008K
  class space    used 2837K, capacity 2997K, committed 3072K, reserved 1048576K
}
Event: 14.918 GC heap before
{Heap before GC invocations=5 (full 1):
 PSYoungGen      total 27648K, used 24064K [0x00000000e1780000, 0x00000000e3600000, 0x0000000100000000)
  eden space 24064K, 100% used [0x00000000e1780000,0x00000000e2f00000,0x00000000e2f00000)
  from space 3584K, 0% used [0x00000000e2f00000,0x00000000e2f00000,0x00000000e3280000)
  to   space 3584K, 0% used [0x00000000e3280000,0x00000000e3280000,0x00000000e3600000)
 ParOldGen       total 36864K, used 8347K [0x00000000a4600000, 0x00000000a6a00000, 0x00000000e1780000)
  object space 36864K, 22% used [0x00000000a4600000,0x00000000a4e26dd8,0x00000000a6a00000)
 Metaspace       used 26620K, capacity 27406K, committed 27648K, reserved 1073152K
  class space    used 3544K, capacity 3790K, committed 3840K, reserved 1048576K
Event: 14.923 GC heap after
Heap after GC invocations=5 (full 1):
 PSYoungGen      total 27648K, used 3580K [0x00000000e1780000, 0x00000000e3600000, 0x0000000100000000)
  eden space 24064K, 0% used [0x00000000e1780000,0x00000000e1780000,0x00000000e2f00000)
  from space 3584K, 99% used [0x00000000e3280000,0x00000000e35ff228,0x00000000e3600000)
  to   space 3584K, 0% used [0x00000000e2f00000,0x00000000e2f00000,0x00000000e3280000)
 ParOldGen       total 36864K, used 11212K [0x00000000a4600000, 0x00000000a6a00000, 0x00000000e1780000)
  object space 36864K, 30% used [0x00000000a4600000,0x00000000a50f31c8,0x00000000a6a00000)
 Metaspace       used 26620K, capacity 27406K, committed 27648K, reserved 1073152K
  class space    used 3544K, capacity 3790K, committed 3840K, reserved 1048576K
}

