# JRE version: OpenJDK Runtime Environment (8.0_151-b12) (build 1.8.0_151-8u151-b12-1~deb9u1-b12)
# Java VM: OpenJDK 64-Bit Server VM (25.151-b12 mixed mode linux-amd64 compressed oops)
Heap:
 PSYoungGen      total 36352K, used 20793K [0x00000000e1780000, 0x00000000e4d80000, 0x0000000100000000)
  eden space 32768K, 52% used [0x00000000e1780000,0x00000000e28507a0,0x00000000e3780000)
  from space 3584K, 99% used [0x00000000e4a00000,0x00000000e4d7dff0,0x00000000e4d80000)
  to   space 3584K, 0% used [0x00000000e4680000,0x00000000e4680000,0x00000000e4a00000)
 ParOldGen       total 51200K, used 11455K [0x00000000a4600000, 0x00000000a7800000, 0x00000000e1780000)
  object space 51200K, 22% used [0x00000000a4600000,0x00000000a512feb8,0x00000000a7800000)
 Metaspace       used 29130K, capacity 30286K, committed 30592K, reserved 1075200K
  class space    used 3988K, capacity 4392K, committed 4480K, reserved 1048576K
GC Heap History (10 events):
Event: 0.554 GC heap before
{Heap before GC invocations=1 (full 0):
 PSYoungGen      total 27648K, used 24064K [0x00000000e1780000, 0x00000000e3600000, 0x0000000100000000)
  eden space 24064K, 100% used [0x00000000e1780000,0x00000000e2f00000,0x00000000e2f00000)
  from space 3584K, 0% used [0x00000000e3280000,0x00000000e3280000,0x00000000e3600000)
  to   space 3584K, 0% used [0x00000000e2f00000,0x00000000e2f00000,0x00000000e3280000)
 ParOldGen       total 62976K, used 0K [0x00000000a4600000, 0x00000000a8380000, 0x00000000e1780000)
  object space 62976K, 0% used [0x00000000a4600000,0x00000000a4600000,0x00000000a8380000)
 Metaspace       used 10462K, capacity 10848K, committed 11008K, reserved 1058816K
  class space    used 1322K, capacity 1474K, committed 1536K, reserved 1048576K
Event: 0.558 GC heap after
Heap after GC invocations=1 (full 0):
 PSYoungGen      total 27648K, used 3556K [0x00000000e1780000, 0x00000000e3600000, 0x0000000100000000)
  eden space 24064K, 0% used [0x00000000e1780000,0x00000000e1780000,0x00000000e2f00000)
  from space 3584K, 99% used [0x00000000e2f00000,0x00000000e32790c0,0x00000000e3280000)
  to   space 3584K, 0% used [0x00000000e3280000,0x00000000e3280000,0x00000000e3600000)
 ParOldGen       total 62976K, used 3087K [0x00000000a4600000, 0x00000000a8380000, 0x00000000e1780000)
  object space 62976K, 4% used [0x00000000a4600000,0x00000000a4903da8,0x00000000a8380000)
 Metaspace       used 10462K, capacity 10848K, committed 11008K, reserved 1058816K
  class space    used 1322K, capacity 1474K, committed 1536K, reserved 1048576K
}
Event: 0.833 GC heap before
{Heap before GC invocations=2 (full 0):
 PSYoungGen      total 27648K, used 27620K [0x00000000e1780000, 0x00000000e3600000, 0x0000000100000000)
  eden space 24064K, 100% used [0x00000000e1780000,0x00000000e2f00000,0x00000000e2f00000)
  from space 3584K, 99% used [0x00000000e2f00000,0x00000000e32790c0,0x00000000e3280000)
  to   space 3584K, 0% used [0x00000000e3280000,0x00000000e3280000,0x00000000e3600000)
 ParOldGen       total 62976K, used 3087K [0x00000000a4600000, 0x00000000a8380000, 0x00000000e1780000)
  object space 62976K, 4% used [0x00000000a4600000,0x00000000a4903da8,0x00000000a8380000)
 Metaspace       used 14751K, capacity 15316K, committed 15488K, reserved 1062912K
  class space    used 1960K, capacity 2138K, committed 2176K, reserved 1048576K
Event: 0.838 GC heap after
Heap after GC invocations=2 (full 0):
 PSYoungGen      total 27648K, used 3568K [0x00000000e1780000, 0x00000000e4d80000, 0x0000000100000000)
  eden space 24064K, 0% used [0x00000000e1780000,0x00000000e1780000,0x00000000e2f00000)
  from space 3584K, 99% used [0x00000000e3280000,0x00000000e35fc050,0x00000000e3600000)
  to   space 3584K, 0% used [0x00000000e2f00000,0x00000000e2f00000,0x00000000e3280000)
 ParOldGen       total 62976K, used 5905K [0x00000000a4600000, 0x00000000a8380000, 0x00000000e1780000)
  object space 62976K, 9% used [0x00000000a4600000,0x00000000a4bc44c8,0x00000000a8380000)
 Metaspace       used 14751K, capacity 15316K, committed 15488K, reserved 1062912K
  class space    used 1960K, capacity 2138K, committed 2176K, reserved 1048576K
}
Event: 1.117 GC heap before
{Heap before GC invocations=3 (full 0):
 PSYoungGen      total 27648K, used 25784K [0x00000000e1780000, 0x00000000e4d80000, 0x0000000100000000)
  eden space 24064K, 92% used [0x00000000e1780000,0x00000000e2d320a0,0x00000000e2f00000)
  from space 3584K, 99% used [0x00000000e3280000,0x00000000e35fc050,0x00000000e3600000)
  to   space 3584K, 0% used [0x00000000e2f00000,0x00000000e2f00000,0x00000000e3280000)
 ParOldGen       total 62976K, used 5905K [0x00000000a4600000, 0x00000000a8380000, 0x00000000e1780000)
  object space 62976K, 9% used [0x00000000a4600000,0x00000000a4bc44c8,0x00000000a8380000)
 Metaspace       used 20432K, capacity 21124K, committed 21248K, reserved 1067008K
  class space    used 2838K, capacity 3030K, committed 3072K, reserved 1048576K
Event: 1.123 GC heap after
Heap after GC invocations=3 (full 0):
 PSYoungGen      total 27648K, used 3552K [0x00000000e1780000, 0x00000000e4d80000, 0x0000000100000000)
  eden space 24064K, 0% used [0x00000000e1780000,0x00000000e1780000,0x00000000e2f00000)
  from space 3584K, 99% used [0x00000000e2f00000,0x00000000e3278040,0x00000000e3280000)
  to   space 3584K, 0% used [0x00000000e4a00000,0x00000000e4a00000,0x00000000e4d80000)
 ParOldGen       total 62976K, used 10192K [0x00000000a4600000, 0x00000000a8380000, 0x00000000e1780000)
  object space 62976K, 16% used [0x00000000a4600000,0x00000000a4ff42b0,0x00000000a8380000)
 Metaspace       used 20432K, capacity 21124K, committed 21248K, reserved 1067008K
  class space    used 2838K, capacity 3030K, committed 3072K, reserved 1048576K
}
Event: 1.123 GC heap before
{Heap before GC invocations=4 (full 1):
 PSYoungGen      total 27648K, used 3552K [0x00000000e1780000, 0x00000000e4d80000, 0x0000000100000000)
  eden space 24064K, 0% used [0x00000000e1780000,0x00000000e1780000,0x00000000e2f00000)
  from space 3584K, 99% used [0x00000000e2f00000,0x00000000e3278040,0x00000000e3280000)
  to   space 3584K, 0% used [0x00000000e4a00000,0x00000000e4a00000,0x00000000e4d80000)
 ParOldGen       total 62976K, used 10192K [0x00000000a4600000, 0x00000000a8380000, 0x00000000e1780000)
  object space 62976K, 16% used [0x00000000a4600000,0x00000000a4ff42b0,0x00000000a8380000)
 Metaspace       used 20432K, capacity 21124K, committed 21248K, reserved 1067008K
  class space    used 2838K, capacity 3030K, committed 3072K, reserved 1048576K
Event: 1.146 GC heap after
Heap after GC invocations=4 (full 1):
 PSYoungGen      total 27648K, used 0K [0x00000000e1780000, 0x00000000e4d80000, 0x0000000100000000)
  eden space 24064K, 0% used [0x00000000e1780000,0x00000000e1780000,0x00000000e2f00000)
  from space 3584K, 0% used [0x00000000e2f00000,0x00000000e2f00000,0x00000000e3280000)
  to   space 3584K, 0% used [0x00000000e4a00000,0x00000000e4a00000,0x00000000e4d80000)
 ParOldGen       total 51200K, used 8372K [0x00000000a4600000, 0x00000000a7800000, 0x00000000e1780000)
  object space 51200K, 16% used [0x00000000a4600000,0x00000000a4e2d2a0,0x00000000a7800000)
 Metaspace       used 20432K, capacity 21124K, committed 21248K, reserved 1067008K
  class space    used 2838K, capacity 3030K, committed 3072K, reserved 1048576K
}
Event: 5.904 GC heap before
{Heap before GC invocations=5 (full 1):
 PSYoungGen      total 27648K, used 24064K [0x00000000e1780000, 0x00000000e4d80000, 0x0000000100000000)
  eden space 24064K, 100% used [0x00000000e1780000,0x00000000e2f00000,0x00000000e2f00000)
  from space 3584K, 0% used [0x00000000e2f00000,0x00000000e2f00000,0x00000000e3280000)
  to   space 3584K, 0% used [0x00000000e4a00000,0x00000000e4a00000,0x00000000e4d80000)
 ParOldGen       total 51200K, used 8372K [0x00000000a4600000, 0x00000000a7800000, 0x00000000e1780000)
  object space 51200K, 16% used [0x00000000a4600000,0x00000000a4e2d2a0,0x00000000a7800000)
 Metaspace       used 26709K, capacity 27502K, committed 27648K, reserved 1073152K
  class space    used 3569K, capacity 3816K, committed 3840K, reserved 1048576K
Event: 5.909 GC heap after
Heap after GC invocations=5 (full 1):
 PSYoungGen      total 36352K, used 3575K [0x00000000e1780000, 0x00000000e4d80000, 0x0000000100000000)
  eden space 32768K, 0% used [0x00000000e1780000,0x00000000e1780000,0x00000000e3780000)
  from space 3584K, 99% used [0x00000000e4a00000,0x00000000e4d7dff0,0x00000000e4d80000)
  to   space 3584K, 0% used [0x00000000e4680000,0x00000000e4680000,0x00000000e4a00000)
 ParOldGen       total 51200K, used 11455K [0x00000000a4600000, 0x00000000a7800000, 0x00000000e1780000)
  object space 51200K, 22% used [0x00000000a4600000,0x00000000a512feb8,0x00000000a7800000)
 Metaspace       used 26709K, capacity 27502K, committed 27648K, reserved 1073152K
  class space    used 3569K, capacity 3816K, committed 3840K, reserved 1048576K
}

