# JRE version: OpenJDK Runtime Environment (8.0_151-b12) (build 1.8.0_151-8u151-b12-1~deb9u1-b12)
# Java VM: OpenJDK 64-Bit Server VM (25.151-b12 mixed mode linux-amd64 compressed oops)
Heap:
 PSYoungGen      total 37888K, used 21775K [0x00000000e1780000, 0x00000000e4d80000, 0x0000000100000000)
  eden space 34304K, 53% used [0x00000000e1780000,0x00000000e2945df0,0x00000000e3900000)
  from space 3584K, 99% used [0x00000000e4a00000,0x00000000e4d7dff0,0x00000000e4d80000)
  to   space 3584K, 0% used [0x00000000e4680000,0x00000000e4680000,0x00000000e4a00000)
 ParOldGen       total 49152K, used 11366K [0x00000000a4600000, 0x00000000a7600000, 0x00000000e1780000)
  object space 49152K, 23% used [0x00000000a4600000,0x00000000a51198f8,0x00000000a7600000)
 Metaspace       used 29166K, capacity 30342K, committed 30592K, reserved 1075200K
  class space    used 3986K, capacity 4392K, committed 4480K, reserved 1048576K
GC Heap History (10 events):
Event: 0.536 GC heap before
{Heap before GC invocations=1 (full 0):
 PSYoungGen      total 27648K, used 24064K [0x00000000e1780000, 0x00000000e3600000, 0x0000000100000000)
  eden space 24064K, 100% used [0x00000000e1780000,0x00000000e2f00000,0x00000000e2f00000)
  from space 3584K, 0% used [0x00000000e3280000,0x00000000e3280000,0x00000000e3600000)
  to   space 3584K, 0% used [0x00000000e2f00000,0x00000000e2f00000,0x00000000e3280000)
 ParOldGen       total 62976K, used 0K [0x00000000a4600000, 0x00000000a8380000, 0x00000000e1780000)
  object space 62976K, 0% used [0x00000000a4600000,0x00000000a4600000,0x00000000a8380000)
 Metaspace       used 10460K, capacity 10808K, committed 11008K, reserved 1058816K
  class space    used 1320K, capacity 1442K, committed 1536K, reserved 1048576K
Event: 0.540 GC heap after
Heap after GC invocations=1 (full 0):
 PSYoungGen      total 27648K, used 3579K [0x00000000e1780000, 0x00000000e3600000, 0x0000000100000000)
  eden space 24064K, 0% used [0x00000000e1780000,0x00000000e1780000,0x00000000e2f00000)
  from space 3584K, 99% used [0x00000000e2f00000,0x00000000e327ed38,0x00000000e3280000)
  to   space 3584K, 0% used [0x00000000e3280000,0x00000000e3280000,0x00000000e3600000)
 ParOldGen       total 62976K, used 3041K [0x00000000a4600000, 0x00000000a8380000, 0x00000000e1780000)
  object space 62976K, 4% used [0x00000000a4600000,0x00000000a48f85e8,0x00000000a8380000)
 Metaspace       used 10460K, capacity 10808K, committed 11008K, reserved 1058816K
  class space    used 1320K, capacity 1442K, committed 1536K, reserved 1048576K
}
Event: 0.817 GC heap before
{Heap before GC invocations=2 (full 0):
 PSYoungGen      total 27648K, used 27643K [0x00000000e1780000, 0x00000000e3600000, 0x0000000100000000)
  eden space 24064K, 100% used [0x00000000e1780000,0x00000000e2f00000,0x00000000e2f00000)
  from space 3584K, 99% used [0x00000000e2f00000,0x00000000e327ed38,0x00000000e3280000)
  to   space 3584K, 0% used [0x00000000e3280000,0x00000000e3280000,0x00000000e3600000)
 ParOldGen       total 62976K, used 3041K [0x00000000a4600000, 0x00000000a8380000, 0x00000000e1780000)
  object space 62976K, 4% used [0x00000000a4600000,0x00000000a48f85e8,0x00000000a8380000)
 Metaspace       used 14758K, capacity 15376K, committed 15488K, reserved 1062912K
  class space    used 1960K, capacity 2138K, committed 2176K, reserved 1048576K
Event: 0.822 GC heap after
Heap after GC invocations=2 (full 0):
 PSYoungGen      total 27648K, used 3552K [0x00000000e1780000, 0x00000000e4d80000, 0x0000000100000000)
  eden space 24064K, 0% used [0x00000000e1780000,0x00000000e1780000,0x00000000e2f00000)
  from space 3584K, 99% used [0x00000000e3280000,0x00000000e35f8020,0x00000000e3600000)
  to   space 3584K, 0% used [0x00000000e2f00000,0x00000000e2f00000,0x00000000e3280000)
 ParOldGen       total 62976K, used 5872K [0x00000000a4600000, 0x00000000a8380000, 0x00000000e1780000)
  object space 62976K, 9% used [0x00000000a4600000,0x00000000a4bbc2c0,0x00000000a8380000)
 Metaspace       used 14758K, capacity 15376K, committed 15488K, reserved 1062912K
  class space    used 1960K, capacity 2138K, committed 2176K, reserved 1048576K
}
Event: 1.105 GC heap before
{Heap before GC invocations=3 (full 0):
 PSYoungGen      total 27648K, used 25531K [0x00000000e1780000, 0x00000000e4d80000, 0x0000000100000000)
  eden space 24064K, 91% used [0x00000000e1780000,0x00000000e2cf6d68,0x00000000e2f00000)
  from space 3584K, 99% used [0x00000000e3280000,0x00000000e35f8020,0x00000000e3600000)
  to   space 3584K, 0% used [0x00000000e2f00000,0x00000000e2f00000,0x00000000e3280000)
 ParOldGen       total 62976K, used 5872K [0x00000000a4600000, 0x00000000a8380000, 0x00000000e1780000)
  object space 62976K, 9% used [0x00000000a4600000,0x00000000a4bbc2c0,0x00000000a8380000)
 Metaspace       used 20414K, capacity 21116K, committed 21248K, reserved 1067008K
  class space    used 2830K, capacity 3030K, committed 3072K, reserved 1048576K
Event: 1.116 GC heap after
Heap after GC invocations=3 (full 0):
 PSYoungGen      total 27648K, used 3572K [0x00000000e1780000, 0x00000000e4d80000, 0x0000000100000000)
  eden space 24064K, 0% used [0x00000000e1780000,0x00000000e1780000,0x00000000e2f00000)
  from space 3584K, 99% used [0x00000000e2f00000,0x00000000e327d040,0x00000000e3280000)
  to   space 3584K, 0% used [0x00000000e4a00000,0x00000000e4a00000,0x00000000e4d80000)
 ParOldGen       total 62976K, used 10137K [0x00000000a4600000, 0x00000000a8380000, 0x00000000e1780000)
  object space 62976K, 16% used [0x00000000a4600000,0x00000000a4fe6730,0x00000000a8380000)
 Metaspace       used 20414K, capacity 21116K, committed 21248K, reserved 1067008K
  class space    used 2830K, capacity 3030K, committed 3072K, reserved 1048576K
}
Event: 1.116 GC heap before
{Heap before GC invocations=4 (full 1):
 PSYoungGen      total 27648K, used 3572K [0x00000000e1780000, 0x00000000e4d80000, 0x0000000100000000)
  eden space 24064K, 0% used [0x00000000e1780000,0x00000000e1780000,0x00000000e2f00000)
  from space 3584K, 99% used [0x00000000e2f00000,0x00000000e327d040,0x00000000e3280000)
  to   space 3584K, 0% used [0x00000000e4a00000,0x00000000e4a00000,0x00000000e4d80000)
 ParOldGen       total 62976K, used 10137K [0x00000000a4600000, 0x00000000a8380000, 0x00000000e1780000)
  object space 62976K, 16% used [0x00000000a4600000,0x00000000a4fe6730,0x00000000a8380000)
 Metaspace       used 20414K, capacity 21116K, committed 21248K, reserved 1067008K
  class space    used 2830K, capacity 3030K, committed 3072K, reserved 1048576K
Event: 1.140 GC heap after
Heap after GC invocations=4 (full 1):
 PSYoungGen      total 27648K, used 0K [0x00000000e1780000, 0x00000000e4d80000, 0x0000000100000000)
  eden space 24064K, 0% used [0x00000000e1780000,0x00000000e1780000,0x00000000e2f00000)
  from space 3584K, 0% used [0x00000000e2f00000,0x00000000e2f00000,0x00000000e3280000)
  to   space 3584K, 0% used [0x00000000e4a00000,0x00000000e4a00000,0x00000000e4d80000)
 ParOldGen       total 49152K, used 8339K [0x00000000a4600000, 0x00000000a7600000, 0x00000000e1780000)
  object space 49152K, 16% used [0x00000000a4600000,0x00000000a4e24fc8,0x00000000a7600000)
 Metaspace       used 20414K, capacity 21116K, committed 21248K, reserved 1067008K
  class space    used 2830K, capacity 3030K, committed 3072K, reserved 1048576K
}
Event: 7.576 GC heap before
{Heap before GC invocations=5 (full 1):
 PSYoungGen      total 27648K, used 24064K [0x00000000e1780000, 0x00000000e4d80000, 0x0000000100000000)
  eden space 24064K, 100% used [0x00000000e1780000,0x00000000e2f00000,0x00000000e2f00000)
  from space 3584K, 0% used [0x00000000e2f00000,0x00000000e2f00000,0x00000000e3280000)
  to   space 3584K, 0% used [0x00000000e4a00000,0x00000000e4a00000,0x00000000e4d80000)
 ParOldGen       total 49152K, used 8339K [0x00000000a4600000, 0x00000000a7600000, 0x00000000e1780000)
  object space 49152K, 16% used [0x00000000a4600000,0x00000000a4e24fc8,0x00000000a7600000)
 Metaspace       used 26691K, capacity 27462K, committed 27648K, reserved 1073152K
  class space    used 3555K, capacity 3784K, committed 3840K, reserved 1048576K
Event: 7.579 GC heap after
Heap after GC invocations=5 (full 1):
 PSYoungGen      total 37888K, used 3575K [0x00000000e1780000, 0x00000000e4d80000, 0x0000000100000000)
  eden space 34304K, 0% used [0x00000000e1780000,0x00000000e1780000,0x00000000e3900000)
  from space 3584K, 99% used [0x00000000e4a00000,0x00000000e4d7dff0,0x00000000e4d80000)
  to   space 3584K, 0% used [0x00000000e4680000,0x00000000e4680000,0x00000000e4a00000)
 ParOldGen       total 49152K, used 11366K [0x00000000a4600000, 0x00000000a7600000, 0x00000000e1780000)
  object space 49152K, 23% used [0x00000000a4600000,0x00000000a51198f8,0x00000000a7600000)
 Metaspace       used 26691K, capacity 27462K, committed 27648K, reserved 1073152K
  class space    used 3555K, capacity 3784K, committed 3840K, reserved 1048576K
}

