# JRE version: OpenJDK Runtime Environment (8.0_151-b12) (build 1.8.0_151-8u151-b12-1~deb9u1-b12)
# Java VM: OpenJDK 64-Bit Server VM (25.151-b12 mixed mode linux-amd64 compressed oops)
Heap:
 PSYoungGen      total 35840K, used 22108K [0x00000000e1780000, 0x00000000e4d80000, 0x0000000100000000)
  eden space 32256K, 57% used [0x00000000e1780000,0x00000000e299eb78,0x00000000e3700000)
  from space 3584K, 99% used [0x00000000e4a00000,0x00000000e4d784e8,0x00000000e4d80000)
  to   space 3584K, 0% used [0x00000000e4680000,0x00000000e4680000,0x00000000e4a00000)
 ParOldGen       total 52224K, used 11312K [0x00000000a4600000, 0x00000000a7900000, 0x00000000e1780000)
  object space 52224K, 21% used [0x00000000a4600000,0x00000000a510c3b0,0x00000000a7900000)
 Metaspace       used 29096K, capacity 30224K, committed 30336K, reserved 1075200K
  class space    used 3983K, capacity 4393K, committed 4480K, reserved 1048576K
GC Heap History (10 events):
Event: 0.535 GC heap before
{Heap before GC invocations=1 (full 0):
 PSYoungGen      total 27648K, used 24064K [0x00000000e1780000, 0x00000000e3600000, 0x0000000100000000)
  eden space 24064K, 100% used [0x00000000e1780000,0x00000000e2f00000,0x00000000e2f00000)
  from space 3584K, 0% used [0x00000000e3280000,0x00000000e3280000,0x00000000e3600000)
  to   space 3584K, 0% used [0x00000000e2f00000,0x00000000e2f00000,0x00000000e3280000)
 ParOldGen       total 62976K, used 0K [0x00000000a4600000, 0x00000000a8380000, 0x00000000e1780000)
  object space 62976K, 0% used [0x00000000a4600000,0x00000000a4600000,0x00000000a8380000)
 Metaspace       used 10458K, capacity 10812K, committed 11008K, reserved 1058816K
  class space    used 1320K, capacity 1442K, committed 1536K, reserved 1048576K
Event: 0.540 GC heap after
Heap after GC invocations=1 (full 0):
 PSYoungGen      total 27648K, used 3575K [0x00000000e1780000, 0x00000000e3600000, 0x0000000100000000)
  eden space 24064K, 0% used [0x00000000e1780000,0x00000000e1780000,0x00000000e2f00000)
  from space 3584K, 99% used [0x00000000e2f00000,0x00000000e327df38,0x00000000e3280000)
  to   space 3584K, 0% used [0x00000000e3280000,0x00000000e3280000,0x00000000e3600000)
 ParOldGen       total 62976K, used 3082K [0x00000000a4600000, 0x00000000a8380000, 0x00000000e1780000)
  object space 62976K, 4% used [0x00000000a4600000,0x00000000a4902b80,0x00000000a8380000)
 Metaspace       used 10458K, capacity 10812K, committed 11008K, reserved 1058816K
  class space    used 1320K, capacity 1442K, committed 1536K, reserved 1048576K
}
Event: 0.833 GC heap before
{Heap before GC invocations=2 (full 0):
 PSYoungGen      total 27648K, used 27639K [0x00000000e1780000, 0x00000000e3600000, 0x0000000100000000)
  eden space 24064K, 100% used [0x00000000e1780000,0x00000000e2f00000,0x00000000e2f00000)
  from space 3584K, 99% used [0x00000000e2f00000,0x00000000e327df38,0x00000000e3280000)
  to   space 3584K, 0% used [0x00000000e3280000,0x00000000e3280000,0x00000000e3600000)
 ParOldGen       total 62976K, used 3082K [0x00000000a4600000, 0x00000000a8380000, 0x00000000e1780000)
  object space 62976K, 4% used [0x00000000a4600000,0x00000000a4902b80,0x00000000a8380000)
 Metaspace       used 14743K, capacity 15312K, committed 15488K, reserved 1062912K
  class space    used 1959K, capacity 2138K, committed 2176K, reserved 1048576K
Event: 0.837 GC heap after
Heap after GC invocations=2 (full 0):
 PSYoungGen      total 27648K, used 3568K [0x00000000e1780000, 0x00000000e4d80000, 0x0000000100000000)
  eden space 24064K, 0% used [0x00000000e1780000,0x00000000e1780000,0x00000000e2f00000)
  from space 3584K, 99% used [0x00000000e3280000,0x00000000e35fc050,0x00000000e3600000)
  to   space 3584K, 0% used [0x00000000e2f00000,0x00000000e2f00000,0x00000000e3280000)
 ParOldGen       total 62976K, used 5890K [0x00000000a4600000, 0x00000000a8380000, 0x00000000e1780000)
  object space 62976K, 9% used [0x00000000a4600000,0x00000000a4bc08f0,0x00000000a8380000)
 Metaspace       used 14743K, capacity 15312K, committed 15488K, reserved 1062912K
  class space    used 1959K, capacity 2138K, committed 2176K, reserved 1048576K
}
Event: 1.114 GC heap before
{Heap before GC invocations=3 (full 0):
 PSYoungGen      total 27648K, used 25448K [0x00000000e1780000, 0x00000000e4d80000, 0x0000000100000000)
  eden space 24064K, 90% used [0x00000000e1780000,0x00000000e2cde130,0x00000000e2f00000)
  from space 3584K, 99% used [0x00000000e3280000,0x00000000e35fc050,0x00000000e3600000)
  to   space 3584K, 0% used [0x00000000e2f00000,0x00000000e2f00000,0x00000000e3280000)
 ParOldGen       total 62976K, used 5890K [0x00000000a4600000, 0x00000000a8380000, 0x00000000e1780000)
  object space 62976K, 9% used [0x00000000a4600000,0x00000000a4bc08f0,0x00000000a8380000)
 Metaspace       used 20464K, capacity 21118K, committed 21248K, reserved 1067008K
  class space    used 2837K, capacity 3029K, committed 3072K, reserved 1048576K
Event: 1.119 GC heap after
Heap after GC invocations=3 (full 0):
 PSYoungGen      total 27648K, used 3572K [0x00000000e1780000, 0x00000000e4d80000, 0x0000000100000000)
  eden space 24064K, 0% used [0x00000000e1780000,0x00000000e1780000,0x00000000e2f00000)
  from space 3584K, 99% used [0x00000000e2f00000,0x00000000e327d060,0x00000000e3280000)
  to   space 3584K, 0% used [0x00000000e4a00000,0x00000000e4a00000,0x00000000e4d80000)
 ParOldGen       total 62976K, used 10234K [0x00000000a4600000, 0x00000000a8380000, 0x00000000e1780000)
  object space 62976K, 16% used [0x00000000a4600000,0x00000000a4ffeab0,0x00000000a8380000)
 Metaspace       used 20464K, capacity 21118K, committed 21248K, reserved 1067008K
  class space    used 2837K, capacity 3029K, committed 3072K, reserved 1048576K
}
Event: 1.119 GC heap before
{Heap before GC invocations=4 (full 1):
 PSYoungGen      total 27648K, used 3572K [0x00000000e1780000, 0x00000000e4d80000, 0x0000000100000000)
  eden space 24064K, 0% used [0x00000000e1780000,0x00000000e1780000,0x00000000e2f00000)
  from space 3584K, 99% used [0x00000000e2f00000,0x00000000e327d060,0x00000000e3280000)
  to   space 3584K, 0% used [0x00000000e4a00000,0x00000000e4a00000,0x00000000e4d80000)
 ParOldGen       total 62976K, used 10234K [0x00000000a4600000, 0x00000000a8380000, 0x00000000e1780000)
  object space 62976K, 16% used [0x00000000a4600000,0x00000000a4ffeab0,0x00000000a8380000)
 Metaspace       used 20464K, capacity 21118K, committed 21248K, reserved 1067008K
  class space    used 2837K, capacity 3029K, committed 3072K, reserved 1048576K
Event: 1.142 GC heap after
Heap after GC invocations=4 (full 1):
 PSYoungGen      total 27648K, used 0K [0x00000000e1780000, 0x00000000e4d80000, 0x0000000100000000)
  eden space 24064K, 0% used [0x00000000e1780000,0x00000000e1780000,0x00000000e2f00000)
  from space 3584K, 0% used [0x00000000e2f00000,0x00000000e2f00000,0x00000000e3280000)
  to   space 3584K, 0% used [0x00000000e4a00000,0x00000000e4a00000,0x00000000e4d80000)
 ParOldGen       total 52224K, used 8366K [0x00000000a4600000, 0x00000000a7900000, 0x00000000e1780000)
  object space 52224K, 16% used [0x00000000a4600000,0x00000000a4e2bad0,0x00000000a7900000)
 Metaspace       used 20464K, capacity 21118K, committed 21248K, reserved 1067008K
  class space    used 2837K, capacity 3029K, committed 3072K, reserved 1048576K
}
Event: 9.449 GC heap before
{Heap before GC invocations=5 (full 1):
 PSYoungGen      total 27648K, used 24064K [0x00000000e1780000, 0x00000000e4d80000, 0x0000000100000000)
  eden space 24064K, 100% used [0x00000000e1780000,0x00000000e2f00000,0x00000000e2f00000)
  from space 3584K, 0% used [0x00000000e2f00000,0x00000000e2f00000,0x00000000e3280000)
  to   space 3584K, 0% used [0x00000000e4a00000,0x00000000e4a00000,0x00000000e4d80000)
 ParOldGen       total 52224K, used 8366K [0x00000000a4600000, 0x00000000a7900000, 0x00000000e1780000)
  object space 52224K, 16% used [0x00000000a4600000,0x00000000a4e2bad0,0x00000000a7900000)
 Metaspace       used 26534K, capacity 27338K, committed 27648K, reserved 1073152K
  class space    used 3537K, capacity 3784K, committed 3840K, reserved 1048576K
Event: 9.452 GC heap after
Heap after GC invocations=5 (full 1):
 PSYoungGen      total 35840K, used 3553K [0x00000000e1780000, 0x00000000e4d80000, 0x0000000100000000)
  eden space 32256K, 0% used [0x00000000e1780000,0x00000000e1780000,0x00000000e3700000)
  from space 3584K, 99% used [0x00000000e4a00000,0x00000000e4d784e8,0x00000000e4d80000)
  to   space 3584K, 0% used [0x00000000e4680000,0x00000000e4680000,0x00000000e4a00000)
 ParOldGen       total 52224K, used 11312K [0x00000000a4600000, 0x00000000a7900000, 0x00000000e1780000)
  object space 52224K, 21% used [0x00000000a4600000,0x00000000a510c3b0,0x00000000a7900000)
 Metaspace       used 26534K, capacity 27338K, committed 27648K, reserved 1073152K
  class space    used 3537K, capacity 3784K, committed 3840K, reserved 1048576K
}

