# JRE version: OpenJDK Runtime Environment (8.0_151-b12) (build 1.8.0_151-8u151-b12-1~deb9u1-b12)
# Java VM: OpenJDK 64-Bit Server VM (25.151-b12 mixed mode linux-amd64 compressed oops)
Heap:
 PSYoungGen      total 35328K, used 21044K [0x00000000e1780000, 0x00000000e4d80000, 0x0000000100000000)
  eden space 31744K, 55% used [0x00000000e1780000,0x00000000e288d150,0x00000000e3680000)
  from space 3584K, 99% used [0x00000000e4a00000,0x00000000e4d7ff08,0x00000000e4d80000)
  to   space 3584K, 0% used [0x00000000e4680000,0x00000000e4680000,0x00000000e4a00000)
 ParOldGen       total 52224K, used 11324K [0x00000000a4600000, 0x00000000a7900000, 0x00000000e1780000)
  object space 52224K, 21% used [0x00000000a4600000,0x00000000a510f308,0x00000000a7900000)
 Metaspace       used 29102K, capacity 30214K, committed 30336K, reserved 1075200K
  class space    used 3984K, capacity 4392K, committed 4480K, reserved 1048576K
GC Heap History (10 events):
Event: 0.487 GC heap before
{Heap before GC invocations=1 (full 0):
 PSYoungGen      total 27648K, used 24064K [0x00000000e1780000, 0x00000000e3600000, 0x0000000100000000)
  eden space 24064K, 100% used [0x00000000e1780000,0x00000000e2f00000,0x00000000e2f00000)
  from space 3584K, 0% used [0x00000000e3280000,0x00000000e3280000,0x00000000e3600000)
  to   space 3584K, 0% used [0x00000000e2f00000,0x00000000e2f00000,0x00000000e3280000)
 ParOldGen       total 62976K, used 0K [0x00000000a4600000, 0x00000000a8380000, 0x00000000e1780000)
  object space 62976K, 0% used [0x00000000a4600000,0x00000000a4600000,0x00000000a8380000)
 Metaspace       used 10464K, capacity 10840K, committed 11008K, reserved 1058816K
  class space    used 1322K, capacity 1474K, committed 1536K, reserved 1048576K
Event: 0.491 GC heap after
Heap after GC invocations=1 (full 0):
 PSYoungGen      total 27648K, used 3557K [0x00000000e1780000, 0x00000000e3600000, 0x0000000100000000)
  eden space 24064K, 0% used [0x00000000e1780000,0x00000000e1780000,0x00000000e2f00000)
  from space 3584K, 99% used [0x00000000e2f00000,0x00000000e3279620,0x00000000e3280000)
  to   space 3584K, 0% used [0x00000000e3280000,0x00000000e3280000,0x00000000e3600000)
 ParOldGen       total 62976K, used 3045K [0x00000000a4600000, 0x00000000a8380000, 0x00000000e1780000)
  object space 62976K, 4% used [0x00000000a4600000,0x00000000a48f96a8,0x00000000a8380000)
 Metaspace       used 10464K, capacity 10840K, committed 11008K, reserved 1058816K
  class space    used 1322K, capacity 1474K, committed 1536K, reserved 1048576K
}
Event: 0.843 GC heap before
{Heap before GC invocations=2 (full 0):
 PSYoungGen      total 27648K, used 27621K [0x00000000e1780000, 0x00000000e3600000, 0x0000000100000000)
  eden space 24064K, 100% used [0x00000000e1780000,0x00000000e2f00000,0x00000000e2f00000)
  from space 3584K, 99% used [0x00000000e2f00000,0x00000000e3279620,0x00000000e3280000)
  to   space 3584K, 0% used [0x00000000e3280000,0x00000000e3280000,0x00000000e3600000)
 ParOldGen       total 62976K, used 3045K [0x00000000a4600000, 0x00000000a8380000, 0x00000000e1780000)
  object space 62976K, 4% used [0x00000000a4600000,0x00000000a48f96a8,0x00000000a8380000)
 Metaspace       used 14759K, capacity 15376K, committed 15488K, reserved 1062912K
  class space    used 1960K, capacity 2138K, committed 2176K, reserved 1048576K
Event: 0.847 GC heap after
Heap after GC invocations=2 (full 0):
 PSYoungGen      total 27648K, used 3568K [0x00000000e1780000, 0x00000000e3600000, 0x0000000100000000)
  eden space 24064K, 0% used [0x00000000e1780000,0x00000000e1780000,0x00000000e2f00000)
  from space 3584K, 99% used [0x00000000e3280000,0x00000000e35fc050,0x00000000e3600000)
  to   space 3584K, 0% used [0x00000000e2f00000,0x00000000e2f00000,0x00000000e3280000)
 ParOldGen       total 62976K, used 5863K [0x00000000a4600000, 0x00000000a8380000, 0x00000000e1780000)
  object space 62976K, 9% used [0x00000000a4600000,0x00000000a4bb9f20,0x00000000a8380000)
 Metaspace       used 14759K, capacity 15376K, committed 15488K, reserved 1062912K
  class space    used 1960K, capacity 2138K, committed 2176K, reserved 1048576K
}
Event: 1.261 GC heap before
{Heap before GC invocations=3 (full 0):
 PSYoungGen      total 27648K, used 25523K [0x00000000e1780000, 0x00000000e3600000, 0x0000000100000000)
  eden space 24064K, 91% used [0x00000000e1780000,0x00000000e2cf0fa8,0x00000000e2f00000)
  from space 3584K, 99% used [0x00000000e3280000,0x00000000e35fc050,0x00000000e3600000)
  to   space 3584K, 0% used [0x00000000e2f00000,0x00000000e2f00000,0x00000000e3280000)
 ParOldGen       total 62976K, used 5863K [0x00000000a4600000, 0x00000000a8380000, 0x00000000e1780000)
  object space 62976K, 9% used [0x00000000a4600000,0x00000000a4bb9f20,0x00000000a8380000)
 Metaspace       used 20444K, capacity 21126K, committed 21248K, reserved 1067008K
  class space    used 2837K, capacity 3031K, committed 3072K, reserved 1048576K
Event: 1.266 GC heap after
Heap after GC invocations=3 (full 0):
 PSYoungGen      total 27648K, used 3572K [0x00000000e1780000, 0x00000000e4d80000, 0x0000000100000000)
  eden space 24064K, 0% used [0x00000000e1780000,0x00000000e1780000,0x00000000e2f00000)
  from space 3584K, 99% used [0x00000000e2f00000,0x00000000e327d040,0x00000000e3280000)
  to   space 3584K, 0% used [0x00000000e4a00000,0x00000000e4a00000,0x00000000e4d80000)
 ParOldGen       total 62976K, used 10184K [0x00000000a4600000, 0x00000000a8380000, 0x00000000e1780000)
  object space 62976K, 16% used [0x00000000a4600000,0x00000000a4ff2138,0x00000000a8380000)
 Metaspace       used 20444K, capacity 21126K, committed 21248K, reserved 1067008K
  class space    used 2837K, capacity 3031K, committed 3072K, reserved 1048576K
}
Event: 1.266 GC heap before
{Heap before GC invocations=4 (full 1):
 PSYoungGen      total 27648K, used 3572K [0x00000000e1780000, 0x00000000e4d80000, 0x0000000100000000)
  eden space 24064K, 0% used [0x00000000e1780000,0x00000000e1780000,0x00000000e2f00000)
  from space 3584K, 99% used [0x00000000e2f00000,0x00000000e327d040,0x00000000e3280000)
  to   space 3584K, 0% used [0x00000000e4a00000,0x00000000e4a00000,0x00000000e4d80000)
 ParOldGen       total 62976K, used 10184K [0x00000000a4600000, 0x00000000a8380000, 0x00000000e1780000)
  object space 62976K, 16% used [0x00000000a4600000,0x00000000a4ff2138,0x00000000a8380000)
 Metaspace       used 20444K, capacity 21126K, committed 21248K, reserved 1067008K
  class space    used 2837K, capacity 3031K, committed 3072K, reserved 1048576K
Event: 1.289 GC heap after
Heap after GC invocations=4 (full 1):
 PSYoungGen      total 27648K, used 0K [0x00000000e1780000, 0x00000000e4d80000, 0x0000000100000000)
  eden space 24064K, 0% used [0x00000000e1780000,0x00000000e1780000,0x00000000e2f00000)
  from space 3584K, 0% used [0x00000000e2f00000,0x00000000e2f00000,0x00000000e3280000)
  to   space 3584K, 0% used [0x00000000e4a00000,0x00000000e4a00000,0x00000000e4d80000)
 ParOldGen       total 52224K, used 8341K [0x00000000a4600000, 0x00000000a7900000, 0x00000000e1780000)
  object space 52224K, 15% used [0x00000000a4600000,0x00000000a4e25698,0x00000000a7900000)
 Metaspace       used 20444K, capacity 21126K, committed 21248K, reserved 1067008K
  class space    used 2837K, capacity 3031K, committed 3072K, reserved 1048576K
}
Event: 5.519 GC heap before
{Heap before GC invocations=5 (full 1):
 PSYoungGen      total 27648K, used 24064K [0x00000000e1780000, 0x00000000e4d80000, 0x0000000100000000)
  eden space 24064K, 100% used [0x00000000e1780000,0x00000000e2f00000,0x00000000e2f00000)
  from space 3584K, 0% used [0x00000000e2f00000,0x00000000e2f00000,0x00000000e3280000)
  to   space 3584K, 0% used [0x00000000e4a00000,0x00000000e4a00000,0x00000000e4d80000)
 ParOldGen       total 52224K, used 8341K [0x00000000a4600000, 0x00000000a7900000, 0x00000000e1780000)
  object space 52224K, 15% used [0x00000000a4600000,0x00000000a4e25698,0x00000000a7900000)
 Metaspace       used 26609K, capacity 27398K, committed 27648K, reserved 1073152K
  class space    used 3553K, capacity 3784K, committed 3840K, reserved 1048576K
Event: 5.522 GC heap after
Heap after GC invocations=5 (full 1):
 PSYoungGen      total 35328K, used 3583K [0x00000000e1780000, 0x00000000e4d80000, 0x0000000100000000)
  eden space 31744K, 0% used [0x00000000e1780000,0x00000000e1780000,0x00000000e3680000)
  from space 3584K, 99% used [0x00000000e4a00000,0x00000000e4d7ff08,0x00000000e4d80000)
  to   space 3584K, 0% used [0x00000000e4680000,0x00000000e4680000,0x00000000e4a00000)
 ParOldGen       total 52224K, used 11324K [0x00000000a4600000, 0x00000000a7900000, 0x00000000e1780000)
  object space 52224K, 21% used [0x00000000a4600000,0x00000000a510f308,0x00000000a7900000)
 Metaspace       used 26609K, capacity 27398K, committed 27648K, reserved 1073152K
  class space    used 3553K, capacity 3784K, committed 3840K, reserved 1048576K
}

